Using pre-set license
Built from '2022.3/staging' branch; Version is '2022.3.37f1 (340ba89e4c23) revision 3410856'; Using compiler version '192829333'; Build Type 'Release'
OS: 'Windows 11  (10.0.22631) 64bit Professional' Language: 'en' Physical Memory: 7941 MB
BatchMode: 1, IsHumanControllingUs: 0, StartBugReporterOnCrash: 0, Is64bit: 1, IsPro: 1

COMMAND LINE ARGUMENTS:
C:\Program Files\Unity\Hub\Editor\2022.3.37f1\Editor\Unity.exe
-adb2
-batchMode
-noUpm
-name
AssetImportWorker1
-projectPath
C:/Users/LENOVO/Documents/GitHub/Car-Sim/open sim
-logFile
Logs/AssetImportWorker1.log
-srvPort
51778
Successfully changed project path to: C:/Users/LENOVO/Documents/GitHub/Car-Sim/open sim
C:/Users/LENOVO/Documents/GitHub/Car-Sim/open sim
[UnityMemory] Configuration Parameters - Can be set up in boot.config
    "memorysetup-bucket-allocator-granularity=16"
    "memorysetup-bucket-allocator-bucket-count=8"
    "memorysetup-bucket-allocator-block-size=33554432"
    "memorysetup-bucket-allocator-block-count=8"
    "memorysetup-main-allocator-block-size=16777216"
    "memorysetup-thread-allocator-block-size=16777216"
    "memorysetup-gfx-main-allocator-block-size=16777216"
    "memorysetup-gfx-thread-allocator-block-size=16777216"
    "memorysetup-cache-allocator-block-size=4194304"
    "memorysetup-typetree-allocator-block-size=2097152"
    "memorysetup-profiler-bucket-allocator-granularity=16"
    "memorysetup-profiler-bucket-allocator-bucket-count=8"
    "memorysetup-profiler-bucket-allocator-block-size=33554432"
    "memorysetup-profiler-bucket-allocator-block-count=8"
    "memorysetup-profiler-allocator-block-size=16777216"
    "memorysetup-profiler-editor-allocator-block-size=1048576"
    "memorysetup-temp-allocator-size-main=16777216"
    "memorysetup-job-temp-allocator-block-size=2097152"
    "memorysetup-job-temp-allocator-block-size-background=1048576"
    "memorysetup-job-temp-allocator-reduction-small-platforms=262144"
    "memorysetup-allocator-temp-initial-block-size-main=262144"
    "memorysetup-allocator-temp-initial-block-size-worker=262144"
    "memorysetup-temp-allocator-size-background-worker=32768"
    "memorysetup-temp-allocator-size-job-worker=262144"
    "memorysetup-temp-allocator-size-preload-manager=33554432"
    "memorysetup-temp-allocator-size-nav-mesh-worker=65536"
    "memorysetup-temp-allocator-size-audio-worker=65536"
    "memorysetup-temp-allocator-size-cloud-worker=32768"
    "memorysetup-temp-allocator-size-gi-baking-worker=262144"
    "memorysetup-temp-allocator-size-gfx=262144"
Player connection [1244] Host "[IP] 192.168.1.5 [Port] 0 [Flags] 2 [Guid] 3641608350 [EditorId] 3641608350 [Version] 1048832 [Id] WindowsEditor(7,DESKTOP-0OA1D9U) [Debug] 1 [PackageName] WindowsEditor [ProjectName] Editor" joined multi-casting on [225.0.0.222:54997]...

Player connection [1244] Host "[IP] 192.168.1.5 [Port] 0 [Flags] 2 [Guid] 3641608350 [EditorId] 3641608350 [Version] 1048832 [Id] WindowsEditor(7,DESKTOP-0OA1D9U) [Debug] 1 [PackageName] WindowsEditor [ProjectName] Editor" joined alternative multi-casting on [225.0.0.222:34997]...

[PhysX] Initialized MultithreadedTaskDispatcher with 8 workers.
Refreshing native plugins compatible for Editor in 21.72 ms, found 3 plugins.
Preloading 0 native plugins for Editor in 0.00 ms.
Initialize engine version: 2022.3.37f1 (340ba89e4c23)
[Subsystems] Discovering subsystems at path C:/Program Files/Unity/Hub/Editor/2022.3.37f1/Editor/Data/Resources/UnitySubsystems
[Subsystems] Discovering subsystems at path C:/Users/LENOVO/Documents/GitHub/Car-Sim/open sim/Assets
GfxDevice: creating device client; threaded=0; jobified=0
Direct3D:
    Version:  Direct3D 11.0 [level 11.1]
    Renderer: Intel(R) UHD Graphics 620 (ID=0x3ea0)
    Vendor:   Intel
    VRAM:     3970 MB
    Driver:   31.0.101.2130
Initialize mono
Mono path[0] = 'C:/Program Files/Unity/Hub/Editor/2022.3.37f1/Editor/Data/Managed'
Mono path[1] = 'C:/Program Files/Unity/Hub/Editor/2022.3.37f1/Editor/Data/MonoBleedingEdge/lib/mono/unityjit-win32'
Mono config path = 'C:/Program Files/Unity/Hub/Editor/2022.3.37f1/Editor/Data/MonoBleedingEdge/etc'
Using monoOptions --debugger-agent=transport=dt_socket,embedding=1,server=y,suspend=n,address=127.0.0.1:56700
Begin MonoManager ReloadAssembly
Registering precompiled unity dll's ...
Register platform support module: C:/Program Files/Unity/Hub/Editor/2022.3.37f1/Editor/Data/PlaybackEngines/WindowsStandaloneSupport/UnityEditor.WindowsStandalone.Extensions.dll
Registered in 0.027361 seconds.
- Loaded All Assemblies, in  1.448 seconds
Native extension for WindowsStandalone target not found
Mono: successfully reloaded assembly
- Finished resetting the current domain, in  1.090 seconds
Domain Reload Profiling: 2534ms
	BeginReloadAssembly (458ms)
		ExecutionOrderSort (0ms)
		DisableScriptedObjects (0ms)
		BackupInstance (0ms)
		ReleaseScriptingObjects (0ms)
		CreateAndSetChildDomain (1ms)
	RebuildCommonClasses (122ms)
	RebuildNativeTypeToScriptingClass (35ms)
	initialDomainReloadingComplete (243ms)
	LoadAllAssembliesAndSetupDomain (585ms)
		LoadAssemblies (455ms)
		RebuildTransferFunctionScriptingTraits (0ms)
		AnalyzeDomain (574ms)
			TypeCache.Refresh (570ms)
				TypeCache.ScanAssembly (526ms)
			ScanForSourceGeneratedMonoScriptInfo (0ms)
			ResolveRequiredComponents (1ms)
	FinalizeReload (1091ms)
		ReleaseScriptCaches (0ms)
		RebuildScriptCaches (0ms)
		SetupLoadedEditorAssemblies (845ms)
			LogAssemblyErrors (0ms)
			InitializePlatformSupportModulesInManaged (29ms)
			SetLoadedEditorAssemblies (37ms)
			RefreshPlugins (0ms)
			BeforeProcessingInitializeOnLoad (11ms)
			ProcessInitializeOnLoadAttributes (636ms)
			ProcessInitializeOnLoadMethodAttributes (132ms)
			AfterProcessingInitializeOnLoad (0ms)
			EditorAssembliesLoaded (0ms)
		ExecutionOrderSort2 (0ms)
		AwakeInstancesAfterBackupRestoration (0ms)
========================================================================
Worker process is ready to serve import requests
Begin MonoManager ReloadAssembly
- Loaded All Assemblies, in  1.764 seconds
Refreshing native plugins compatible for Editor in 6.76 ms, found 3 plugins.
Native extension for WindowsStandalone target not found
Package Manager log level set to [2]
[Package Manager] Server::EnsureServerProcessIsRunning -- launch failed, reason: Unity was launched with the -noUpm command-line argument
[Package Manager] UpmClient::Send -- Unable to send message (not connected to UPM process).
[Package Manager] Cannot connect to Unity Package Manager local server
Mono: successfully reloaded assembly
- Finished resetting the current domain, in  1.680 seconds
Domain Reload Profiling: 3440ms
	BeginReloadAssembly (432ms)
		ExecutionOrderSort (0ms)
		DisableScriptedObjects (17ms)
		BackupInstance (0ms)
		ReleaseScriptingObjects (0ms)
		CreateAndSetChildDomain (77ms)
	RebuildCommonClasses (90ms)
	RebuildNativeTypeToScriptingClass (31ms)
	initialDomainReloadingComplete (126ms)
	LoadAllAssembliesAndSetupDomain (1081ms)
		LoadAssemblies (841ms)
		RebuildTransferFunctionScriptingTraits (0ms)
		AnalyzeDomain (491ms)
			TypeCache.Refresh (437ms)
				TypeCache.ScanAssembly (396ms)
			ScanForSourceGeneratedMonoScriptInfo (37ms)
			ResolveRequiredComponents (13ms)
	FinalizeReload (1681ms)
		ReleaseScriptCaches (0ms)
		RebuildScriptCaches (0ms)
		SetupLoadedEditorAssemblies (1261ms)
			LogAssemblyErrors (0ms)
			InitializePlatformSupportModulesInManaged (14ms)
			SetLoadedEditorAssemblies (7ms)
			RefreshPlugins (0ms)
			BeforeProcessingInitializeOnLoad (130ms)
			ProcessInitializeOnLoadAttributes (1027ms)
			ProcessInitializeOnLoadMethodAttributes (70ms)
			AfterProcessingInitializeOnLoad (13ms)
			EditorAssembliesLoaded (0ms)
		ExecutionOrderSort2 (0ms)
		AwakeInstancesAfterBackupRestoration (26ms)
Launched and connected shader compiler UnityShaderCompiler.exe after 0.13 seconds
Refreshing native plugins compatible for Editor in 9.92 ms, found 3 plugins.
Preloading 0 native plugins for Editor in 0.00 ms.
Unloading 3156 Unused Serialized files (Serialized files now loaded: 0)
Unloading 35 unused Assets / (57.7 KB). Loaded Objects now: 3620.
Memory consumption went from 125.3 MB to 125.2 MB.
Total: 9.696900 ms (FindLiveObjects: 2.336400 ms CreateObjectMapping: 1.040100 ms MarkObjects: 6.140600 ms  DeleteObjects: 0.174100 ms)

AssetImportParameters requested are different than current active one (requested -> active):
  custom:container-demuxer-ogg: 62fdf1f143b41e24485cea50d1cbac27 -> 
  custom:video-decoder-ogg-theora: a1e56fd34408186e4bbccfd4996cb3dc -> 
  custom:framework-win-MediaFoundation: 216162199b28c13a410421893ffa2e32 -> 
  custom:CustomObjectIndexerAttribute: 9a22284fe3817be447336de3de66b15e -> 
  custom:container-demuxer-webm: 4f35f7cbe854078d1ac9338744f61a02 -> 
  custom:container-muxer-webm: aa71ff27fc2769a1b78a27578f13a17b -> 
  custom:video-decoder-webm-vp8: 9c59270c3fd7afecdb556c50c9e8de78 -> 
  custom:SearchIndexIgnoredProperties: e643bd26f0fe6173181afceb89e7c659 -> 
  custom:AudioImporter_EditorPlatform: d09bf68614088b80899f8185d706f6e7 -> 
  custom:video-encoder-webm-vp8: eb34c28f22e8b96e1ab97ce403110664 -> 
  custom:audio-decoder-ogg-vorbis: bf7c407c2cedff20999df2af8eb42d56 -> 
  custom:audio-encoder-webm-vorbis: bf7c407c2cedff20999df2af8eb42d56 -> 
========================================================================
Received Import Request.
  Time since last request: 25617.255784 seconds.
  path: Assets/Triangularity/ColorfulCity/Prefabs/Bench2_a_Flat_LP_0.prefab
  artifactKey: Guid(a35f69c7ae59b2c4e858499b0951eb3d) Importer(815301076,1909f56bfc062723c751e8b465ee728b)
Start importing Assets/Triangularity/ColorfulCity/Prefabs/Bench2_a_Flat_LP_0.prefab using Guid(a35f69c7ae59b2c4e858499b0951eb3d) Importer(815301076,1909f56bfc062723c751e8b465ee728b) [PhysX] Initialized MultithreadedTaskDispatcher with 8 workers.
 -> (artifact id: '31bb5abaa912d209767c8048e26df2eb') in 0.063696 seconds
Number of updated asset objects reloaded before import = 0
Number of asset objects unloaded after import = 9
========================================================================
Received Import Request.
  Time since last request: 0.000065 seconds.
  path: Assets/Triangularity/ColorfulCity/Prefabs/Pavement3_a_Turn_LP_0.prefab
  artifactKey: Guid(ce0c57502a1b7d64cb77ba2ee025cc4a) Importer(815301076,1909f56bfc062723c751e8b465ee728b)
Start importing Assets/Triangularity/ColorfulCity/Prefabs/Pavement3_a_Turn_LP_0.prefab using Guid(ce0c57502a1b7d64cb77ba2ee025cc4a) Importer(815301076,1909f56bfc062723c751e8b465ee728b) [PhysX] Initialized MultithreadedTaskDispatcher with 8 workers.
 -> (artifact id: 'd82c00344c10cbab9d36cf1d4f3b08e4') in 0.005462 seconds
Number of updated asset objects reloaded before import = 0
Number of asset objects unloaded after import = 8
========================================================================
Received Import Request.
  Time since last request: 0.000040 seconds.
  path: Assets/Triangularity/ColorfulCity/Prefabs/Pavement2_a_Line_Shortest_LP_0.prefab
  artifactKey: Guid(8d6c7ab6e90133a4d94e46665fcb6c9a) Importer(815301076,1909f56bfc062723c751e8b465ee728b)
Start importing Assets/Triangularity/ColorfulCity/Prefabs/Pavement2_a_Line_Shortest_LP_0.prefab using Guid(8d6c7ab6e90133a4d94e46665fcb6c9a) Importer(815301076,1909f56bfc062723c751e8b465ee728b) [PhysX] Initialized MultithreadedTaskDispatcher with 8 workers.
 -> (artifact id: '1556b1e900aaaf5da011608f77916832') in 0.007427 seconds
Number of updated asset objects reloaded before import = 0
Number of asset objects unloaded after import = 8
========================================================================
Received Import Request.
  Time since last request: 0.000039 seconds.
  path: Assets/Triangularity/ColorfulCity/Prefabs/Building9_a_Block_LP_0.prefab
  artifactKey: Guid(fc69f7f1a75df2749b64ef5a02a8c802) Importer(815301076,1909f56bfc062723c751e8b465ee728b)
Start importing Assets/Triangularity/ColorfulCity/Prefabs/Building9_a_Block_LP_0.prefab using Guid(fc69f7f1a75df2749b64ef5a02a8c802) Importer(815301076,1909f56bfc062723c751e8b465ee728b) [PhysX] Initialized MultithreadedTaskDispatcher with 8 workers.
 -> (artifact id: '584fb50e7cd0bef4ec4fc23b5fd6e188') in 0.010225 seconds
Number of updated asset objects reloaded before import = 0
Number of asset objects unloaded after import = 9
========================================================================
Received Import Request.
  Time since last request: 0.000067 seconds.
  path: Assets/Triangularity/ColorfulCity/Prefabs/Pavement1_b_Cross_LP_0.prefab
  artifactKey: Guid(bde37b1057f6e5e4a90a9f948f97d865) Importer(815301076,1909f56bfc062723c751e8b465ee728b)
Start importing Assets/Triangularity/ColorfulCity/Prefabs/Pavement1_b_Cross_LP_0.prefab using Guid(bde37b1057f6e5e4a90a9f948f97d865) Importer(815301076,1909f56bfc062723c751e8b465ee728b) [PhysX] Initialized MultithreadedTaskDispatcher with 8 workers.
 -> (artifact id: '37157345f4578b0573c1686327707e0e') in 0.007777 seconds
Number of updated asset objects reloaded before import = 0
Number of asset objects unloaded after import = 8
========================================================================
Received Import Request.
  Time since last request: 0.000196 seconds.
  path: Assets/Triangularity/ColorfulCity/Prefabs/Road1_c_Short_LP_0.prefab
  artifactKey: Guid(e4be470c72a39914390a0b3f18f63a7c) Importer(815301076,1909f56bfc062723c751e8b465ee728b)
Start importing Assets/Triangularity/ColorfulCity/Prefabs/Road1_c_Short_LP_0.prefab using Guid(e4be470c72a39914390a0b3f18f63a7c) Importer(815301076,1909f56bfc062723c751e8b465ee728b) [PhysX] Initialized MultithreadedTaskDispatcher with 8 workers.
 -> (artifact id: 'e8f67a406a5f586e3b2cf206769b7854') in 0.004792 seconds
Number of updated asset objects reloaded before import = 0
Number of asset objects unloaded after import = 8
========================================================================
Received Import Request.
  Time since last request: 0.000023 seconds.
  path: Assets/Triangularity/ColorfulCity/Prefabs/Building11_a_Hangar_LP_0.prefab
  artifactKey: Guid(78e154100981a664986120579967128f) Importer(815301076,1909f56bfc062723c751e8b465ee728b)
Start importing Assets/Triangularity/ColorfulCity/Prefabs/Building11_a_Hangar_LP_0.prefab using Guid(78e154100981a664986120579967128f) Importer(815301076,1909f56bfc062723c751e8b465ee728b) [PhysX] Initialized MultithreadedTaskDispatcher with 8 workers.
 -> (artifact id: '224522befc34c5bcfa610861e29ffc77') in 0.004720 seconds
Number of updated asset objects reloaded before import = 0
Number of asset objects unloaded after import = 9
========================================================================
Received Import Request.
  Time since last request: 0.000076 seconds.
  path: Assets/Triangularity/ColorfulCity/Prefabs/Building2_a_Long1_LP_0.prefab
  artifactKey: Guid(f4bafa207dcb01c458c6178991745db1) Importer(815301076,1909f56bfc062723c751e8b465ee728b)
Start importing Assets/Triangularity/ColorfulCity/Prefabs/Building2_a_Long1_LP_0.prefab using Guid(f4bafa207dcb01c458c6178991745db1) Importer(815301076,1909f56bfc062723c751e8b465ee728b) [PhysX] Initialized MultithreadedTaskDispatcher with 8 workers.
 -> (artifact id: 'e614bd9c3e2c69433905cbfb8591102b') in 0.006468 seconds
Number of updated asset objects reloaded before import = 0
Number of asset objects unloaded after import = 9
========================================================================
Received Import Request.
  Time since last request: 0.000029 seconds.
  path: Assets/Triangularity/ColorfulCity/Prefabs/Pavement3_b_Turn_LP_0.prefab
  artifactKey: Guid(b32383660bd549448b1d4b19f5e30af4) Importer(815301076,1909f56bfc062723c751e8b465ee728b)
Start importing Assets/Triangularity/ColorfulCity/Prefabs/Pavement3_b_Turn_LP_0.prefab using Guid(b32383660bd549448b1d4b19f5e30af4) Importer(815301076,1909f56bfc062723c751e8b465ee728b) [PhysX] Initialized MultithreadedTaskDispatcher with 8 workers.
 -> (artifact id: 'b35ee71a7ad9584b0f3bd974f9b07f35') in 0.003826 seconds
Number of updated asset objects reloaded before import = 0
Number of asset objects unloaded after import = 8
========================================================================
Received Import Request.
  Time since last request: 0.000036 seconds.
  path: Assets/Triangularity/ColorfulCity/Prefabs/Building8_a_Long2_LP_0.prefab
  artifactKey: Guid(0d847838b0538234a9c7f359039231ce) Importer(815301076,1909f56bfc062723c751e8b465ee728b)
Start importing Assets/Triangularity/ColorfulCity/Prefabs/Building8_a_Long2_LP_0.prefab using Guid(0d847838b0538234a9c7f359039231ce) Importer(815301076,1909f56bfc062723c751e8b465ee728b) [PhysX] Initialized MultithreadedTaskDispatcher with 8 workers.
 -> (artifact id: '4424c23e23b564383407215311b73083') in 0.005895 seconds
Number of updated asset objects reloaded before import = 0
Number of asset objects unloaded after import = 9
========================================================================
Received Import Request.
  Time since last request: 0.000046 seconds.
  path: Assets/Triangularity/ColorfulCity/Prefabs/Hedge1_c_Medium_LP_0.prefab
  artifactKey: Guid(ce537aceb98895e4b9c5d0f5220b19c4) Importer(815301076,1909f56bfc062723c751e8b465ee728b)
Start importing Assets/Triangularity/ColorfulCity/Prefabs/Hedge1_c_Medium_LP_0.prefab using Guid(ce537aceb98895e4b9c5d0f5220b19c4) Importer(815301076,1909f56bfc062723c751e8b465ee728b) [PhysX] Initialized MultithreadedTaskDispatcher with 8 workers.
 -> (artifact id: 'f9df5008914e27b86e8a5593f87f1dd6') in 0.005345 seconds
Number of updated asset objects reloaded before import = 0
Number of asset objects unloaded after import = 9
========================================================================
Received Import Request.
  Time since last request: 0.000029 seconds.
  path: Assets/Triangularity/ColorfulCity/Prefabs/Hedge1_d_Long_LP_0.prefab
  artifactKey: Guid(35a8a0e030d6e2244a1dda22e45b5fa6) Importer(815301076,1909f56bfc062723c751e8b465ee728b)
Start importing Assets/Triangularity/ColorfulCity/Prefabs/Hedge1_d_Long_LP_0.prefab using Guid(35a8a0e030d6e2244a1dda22e45b5fa6) Importer(815301076,1909f56bfc062723c751e8b465ee728b) [PhysX] Initialized MultithreadedTaskDispatcher with 8 workers.
 -> (artifact id: 'de2e0c3aa2b75379e9932e2cf3af352d') in 0.008947 seconds
Number of updated asset objects reloaded before import = 0
Number of asset objects unloaded after import = 9
========================================================================
Received Import Request.
  Time since last request: 0.000030 seconds.
  path: Assets/Triangularity/ColorfulCity/Prefabs/Building12_a_MediumBlock_LP_0.prefab
  artifactKey: Guid(76e93395c044d4342a7b276033fcd4e6) Importer(815301076,1909f56bfc062723c751e8b465ee728b)
Start importing Assets/Triangularity/ColorfulCity/Prefabs/Building12_a_MediumBlock_LP_0.prefab using Guid(76e93395c044d4342a7b276033fcd4e6) Importer(815301076,1909f56bfc062723c751e8b465ee728b) [PhysX] Initialized MultithreadedTaskDispatcher with 8 workers.
 -> (artifact id: '2b4aef6c116a939e87d77309920a65ba') in 0.009037 seconds
Number of updated asset objects reloaded before import = 0
Number of asset objects unloaded after import = 9
========================================================================
Received Import Request.
  Time since last request: 0.000170 seconds.
  path: Assets/Triangularity/ColorfulCity/Prefabs/Building1_a_MainHall_LP_0.prefab
  artifactKey: Guid(c3270c0a497388147b94c53587100b02) Importer(815301076,1909f56bfc062723c751e8b465ee728b)
Start importing Assets/Triangularity/ColorfulCity/Prefabs/Building1_a_MainHall_LP_0.prefab using Guid(c3270c0a497388147b94c53587100b02) Importer(815301076,1909f56bfc062723c751e8b465ee728b) [PhysX] Initialized MultithreadedTaskDispatcher with 8 workers.
 -> (artifact id: '0835fda8f210f38a6b8aeabb64796829') in 0.006600 seconds
Number of updated asset objects reloaded before import = 0
Number of asset objects unloaded after import = 9
========================================================================
Received Import Request.
  Time since last request: 0.000033 seconds.
  path: Assets/Triangularity/ColorfulCity/Prefabs/Building13_a_Workshop_LP_0.prefab
  artifactKey: Guid(8c00c9e50ca6fb94fad6aa7f0517b023) Importer(815301076,1909f56bfc062723c751e8b465ee728b)
Start importing Assets/Triangularity/ColorfulCity/Prefabs/Building13_a_Workshop_LP_0.prefab using Guid(8c00c9e50ca6fb94fad6aa7f0517b023) Importer(815301076,1909f56bfc062723c751e8b465ee728b) [PhysX] Initialized MultithreadedTaskDispatcher with 8 workers.
 -> (artifact id: '881af10a7e54e57aca875f10f090b9c3') in 0.009561 seconds
Number of updated asset objects reloaded before import = 0
Number of asset objects unloaded after import = 9
========================================================================
Received Import Request.
  Time since last request: 0.000093 seconds.
  path: Assets/Triangularity/ColorfulCity/Prefabs/Building3_a_Tall1_LP_0.prefab
  artifactKey: Guid(4438e04aa1a794a4392df965055844b2) Importer(815301076,1909f56bfc062723c751e8b465ee728b)
Start importing Assets/Triangularity/ColorfulCity/Prefabs/Building3_a_Tall1_LP_0.prefab using Guid(4438e04aa1a794a4392df965055844b2) Importer(815301076,1909f56bfc062723c751e8b465ee728b) [PhysX] Initialized MultithreadedTaskDispatcher with 8 workers.
 -> (artifact id: '48d6e327c5ed0e4a724832915399bb5d') in 0.008845 seconds
Number of updated asset objects reloaded before import = 0
Number of asset objects unloaded after import = 9
========================================================================
Received Import Request.
  Time since last request: 0.000071 seconds.
  path: Assets/Triangularity/ColorfulCity/Prefabs/Building7_a_Tall2_LP_0.prefab
  artifactKey: Guid(f21a816fa57d6024f95c6c1cb19d2329) Importer(815301076,1909f56bfc062723c751e8b465ee728b)
Start importing Assets/Triangularity/ColorfulCity/Prefabs/Building7_a_Tall2_LP_0.prefab using Guid(f21a816fa57d6024f95c6c1cb19d2329) Importer(815301076,1909f56bfc062723c751e8b465ee728b) [PhysX] Initialized MultithreadedTaskDispatcher with 8 workers.
 -> (artifact id: '9044057777c433fa80ce794d98a50e0c') in 0.010682 seconds
Number of updated asset objects reloaded before import = 0
Number of asset objects unloaded after import = 9
========================================================================
Received Import Request.
  Time since last request: 0.000032 seconds.
  path: Assets/Triangularity/ColorfulCity/Prefabs/Hedge1_a_Shortest_LP_0.prefab
  artifactKey: Guid(810c0125182d03446a01bbe8d5d95263) Importer(815301076,1909f56bfc062723c751e8b465ee728b)
Start importing Assets/Triangularity/ColorfulCity/Prefabs/Hedge1_a_Shortest_LP_0.prefab using Guid(810c0125182d03446a01bbe8d5d95263) Importer(815301076,1909f56bfc062723c751e8b465ee728b) [PhysX] Initialized MultithreadedTaskDispatcher with 8 workers.
 -> (artifact id: 'a9413561e09d4a5fe89825aa27d62ed6') in 0.007485 seconds
Number of updated asset objects reloaded before import = 0
Number of asset objects unloaded after import = 9
========================================================================
Received Import Request.
  Time since last request: 0.966231 seconds.
  path: Assets/Triangularity/ColorfulCity/Prefabs/StreetLamp1_a_FourLights_LP_0.prefab
  artifactKey: Guid(87942fe74bd1e004e8912c2311198ddc) Importer(815301076,1909f56bfc062723c751e8b465ee728b)
Start importing Assets/Triangularity/ColorfulCity/Prefabs/StreetLamp1_a_FourLights_LP_0.prefab using Guid(87942fe74bd1e004e8912c2311198ddc) Importer(815301076,1909f56bfc062723c751e8b465ee728b) [PhysX] Initialized MultithreadedTaskDispatcher with 8 workers.
 -> (artifact id: 'd6b7795ed1cfb367047cecbdcde6c0fe') in 0.003289 seconds
Number of updated asset objects reloaded before import = 0
Number of asset objects unloaded after import = 9
========================================================================
Received Import Request.
  Time since last request: 0.000027 seconds.
  path: Assets/Triangularity/ColorfulCity/Prefabs/StreetLamp1_b_TwoInline_LP_0.prefab
  artifactKey: Guid(a599eed6b7e08e648a0338c16f53f082) Importer(815301076,1909f56bfc062723c751e8b465ee728b)
Start importing Assets/Triangularity/ColorfulCity/Prefabs/StreetLamp1_b_TwoInline_LP_0.prefab using Guid(a599eed6b7e08e648a0338c16f53f082) Importer(815301076,1909f56bfc062723c751e8b465ee728b) [PhysX] Initialized MultithreadedTaskDispatcher with 8 workers.
 -> (artifact id: '44eb8fe203722e8454f635ab73cf95ce') in 0.005262 seconds
Number of updated asset objects reloaded before import = 0
Number of asset objects unloaded after import = 9
========================================================================
Received Import Request.
  Time since last request: 0.000036 seconds.
  path: Assets/Triangularity/ColorfulCity/Prefabs/Tree5_a_Pine_LP_0.prefab
  artifactKey: Guid(19cbae9c2b86a904ca1f6f77e527e0ed) Importer(815301076,1909f56bfc062723c751e8b465ee728b)
Start importing Assets/Triangularity/ColorfulCity/Prefabs/Tree5_a_Pine_LP_0.prefab using Guid(19cbae9c2b86a904ca1f6f77e527e0ed) Importer(815301076,1909f56bfc062723c751e8b465ee728b) [PhysX] Initialized MultithreadedTaskDispatcher with 8 workers.
 -> (artifact id: 'e9286fe78eca13542ee6fd251b6b8c44') in 0.004422 seconds
Number of updated asset objects reloaded before import = 0
Number of asset objects unloaded after import = 9
========================================================================
Received Import Request.
  Time since last request: 0.000096 seconds.
  path: Assets/Triangularity/ColorfulCity/Prefabs/Tree3_a_Star_LP_0.prefab
  artifactKey: Guid(38583bf25c55331428a6ba047777a60c) Importer(815301076,1909f56bfc062723c751e8b465ee728b)
Start importing Assets/Triangularity/ColorfulCity/Prefabs/Tree3_a_Star_LP_0.prefab using Guid(38583bf25c55331428a6ba047777a60c) Importer(815301076,1909f56bfc062723c751e8b465ee728b) [PhysX] Initialized MultithreadedTaskDispatcher with 8 workers.
 -> (artifact id: 'd3135f96ca31ad74d74660c77cb9a8b9') in 0.014026 seconds
Number of updated asset objects reloaded before import = 0
Number of asset objects unloaded after import = 9
========================================================================
Received Import Request.
  Time since last request: 0.000044 seconds.
  path: Assets/Triangularity/ColorfulCity/Prefabs/StreetLamp1_d_Single_LP_0.prefab
  artifactKey: Guid(f58d979fd5d38804cbf9275268bee0c7) Importer(815301076,1909f56bfc062723c751e8b465ee728b)
Start importing Assets/Triangularity/ColorfulCity/Prefabs/StreetLamp1_d_Single_LP_0.prefab using Guid(f58d979fd5d38804cbf9275268bee0c7) Importer(815301076,1909f56bfc062723c751e8b465ee728b) [PhysX] Initialized MultithreadedTaskDispatcher with 8 workers.
 -> (artifact id: 'a687a9b3818ad0684338dee812edbfc9') in 0.006347 seconds
Number of updated asset objects reloaded before import = 0
Number of asset objects unloaded after import = 9
========================================================================
Received Import Request.
  Time since last request: 0.000055 seconds.
  path: Assets/Triangularity/ColorfulCity/Prefabs/Tree2_a_Spherical_LP_0.prefab
  artifactKey: Guid(c32ff84383e2d5c4db7c7fbace883ef6) Importer(815301076,1909f56bfc062723c751e8b465ee728b)
Start importing Assets/Triangularity/ColorfulCity/Prefabs/Tree2_a_Spherical_LP_0.prefab using Guid(c32ff84383e2d5c4db7c7fbace883ef6) Importer(815301076,1909f56bfc062723c751e8b465ee728b) [PhysX] Initialized MultithreadedTaskDispatcher with 8 workers.
 -> (artifact id: '2636e15cf7dd66d2de2dccef21226146') in 0.006256 seconds
Number of updated asset objects reloaded before import = 0
Number of asset objects unloaded after import = 9
========================================================================
Received Import Request.
  Time since last request: 0.031615 seconds.
  path: Assets/Triangularity/ColorfulCity/Prefabs/Tree6_a_Rectangular_LP_0.prefab
  artifactKey: Guid(5a82c4050ba78bc4c928315db8e8607f) Importer(815301076,1909f56bfc062723c751e8b465ee728b)
Start importing Assets/Triangularity/ColorfulCity/Prefabs/Tree6_a_Rectangular_LP_0.prefab using Guid(5a82c4050ba78bc4c928315db8e8607f) Importer(815301076,1909f56bfc062723c751e8b465ee728b) [PhysX] Initialized MultithreadedTaskDispatcher with 8 workers.
 -> (artifact id: '54075245f45c53dd8130a63fe900fc16') in 0.005258 seconds
Number of updated asset objects reloaded before import = 0
Number of asset objects unloaded after import = 9
========================================================================
Received Import Request.
  Time since last request: 0.000084 seconds.
  path: Assets/Triangularity/ColorfulCity/Prefabs/Tree9_a_SquarePine_LP_0.prefab
  artifactKey: Guid(935d48f6418c2e843a3a84f092150b90) Importer(815301076,1909f56bfc062723c751e8b465ee728b)
Start importing Assets/Triangularity/ColorfulCity/Prefabs/Tree9_a_SquarePine_LP_0.prefab using Guid(935d48f6418c2e843a3a84f092150b90) Importer(815301076,1909f56bfc062723c751e8b465ee728b) [PhysX] Initialized MultithreadedTaskDispatcher with 8 workers.
 -> (artifact id: 'ff0dbbaa06038af146fa888a036b4058') in 0.005793 seconds
Number of updated asset objects reloaded before import = 0
Number of asset objects unloaded after import = 9
========================================================================
Received Import Request.
  Time since last request: 0.000083 seconds.
  path: Assets/Triangularity/ColorfulCity/Prefabs/Tree7_a_Donuts_LP_0.prefab
  artifactKey: Guid(c455e3f8d76f9614b884f4ed2bbf7deb) Importer(815301076,1909f56bfc062723c751e8b465ee728b)
Start importing Assets/Triangularity/ColorfulCity/Prefabs/Tree7_a_Donuts_LP_0.prefab using Guid(c455e3f8d76f9614b884f4ed2bbf7deb) Importer(815301076,1909f56bfc062723c751e8b465ee728b) [PhysX] Initialized MultithreadedTaskDispatcher with 8 workers.
 -> (artifact id: '005284730b53311fefda515abdf035b6') in 0.006183 seconds
Number of updated asset objects reloaded before import = 0
Number of asset objects unloaded after import = 9
========================================================================
Received Import Request.
  Time since last request: 6.873881 seconds.
  path: Assets/Triangularity/ColorfulCity/Models/Bench2_a_LP_LOD0.FBX
  artifactKey: Guid(ee94c50a1baa2214680487cb32eda0de) Importer(815301076,1909f56bfc062723c751e8b465ee728b)
Start importing Assets/Triangularity/ColorfulCity/Models/Bench2_a_LP_LOD0.FBX using Guid(ee94c50a1baa2214680487cb32eda0de) Importer(815301076,1909f56bfc062723c751e8b465ee728b) [PhysX] Initialized MultithreadedTaskDispatcher with 8 workers.
[PhysX] Initialized MultithreadedTaskDispatcher with 8 workers.
[PhysX] Initialized MultithreadedTaskDispatcher with 8 workers.
 -> (artifact id: '522e19a7a0ec7232c906fb4e22440f27') in 0.337989 seconds
Number of updated asset objects reloaded before import = 0
Number of asset objects unloaded after import = 7
========================================================================
Received Import Request.
  Time since last request: 0.000037 seconds.
  path: Assets/Triangularity/ColorfulCity/Models/Pavement4_a_LP_LOD0.FBX
  artifactKey: Guid(d067d7fb0c40c5640a927e1e8c77fc26) Importer(815301076,1909f56bfc062723c751e8b465ee728b)
Start importing Assets/Triangularity/ColorfulCity/Models/Pavement4_a_LP_LOD0.FBX using Guid(d067d7fb0c40c5640a927e1e8c77fc26) Importer(815301076,1909f56bfc062723c751e8b465ee728b) [PhysX] Initialized MultithreadedTaskDispatcher with 8 workers.
[PhysX] Initialized MultithreadedTaskDispatcher with 8 workers.
[PhysX] Initialized MultithreadedTaskDispatcher with 8 workers.
 -> (artifact id: '7b8fb1d50bd3f90ae1a0ea86621f4de7') in 0.041847 seconds
Number of updated asset objects reloaded before import = 0
Number of asset objects unloaded after import = 7
========================================================================
Received Import Request.
  Time since last request: 0.000063 seconds.
  path: Assets/Triangularity/ColorfulCity/Models/Grass1_a_LP_LOD0.FBX
  artifactKey: Guid(0e9db7ab2a6c8554d99eb186f91a366f) Importer(815301076,1909f56bfc062723c751e8b465ee728b)
Start importing Assets/Triangularity/ColorfulCity/Models/Grass1_a_LP_LOD0.FBX using Guid(0e9db7ab2a6c8554d99eb186f91a366f) Importer(815301076,1909f56bfc062723c751e8b465ee728b) [PhysX] Initialized MultithreadedTaskDispatcher with 8 workers.
[PhysX] Initialized MultithreadedTaskDispatcher with 8 workers.
[PhysX] Initialized MultithreadedTaskDispatcher with 8 workers.
 -> (artifact id: '06c067db6f37ce23635e069123919fb7') in 0.036258 seconds
Number of updated asset objects reloaded before import = 0
Number of asset objects unloaded after import = 7
========================================================================
Received Import Request.
  Time since last request: 0.000041 seconds.
  path: Assets/Triangularity/ColorfulCity/Models/Building5_a_LP_LOD0.FBX
  artifactKey: Guid(d6a87391515c377449046829b15d4b73) Importer(815301076,1909f56bfc062723c751e8b465ee728b)
Start importing Assets/Triangularity/ColorfulCity/Models/Building5_a_LP_LOD0.FBX using Guid(d6a87391515c377449046829b15d4b73) Importer(815301076,1909f56bfc062723c751e8b465ee728b) [PhysX] Initialized MultithreadedTaskDispatcher with 8 workers.
[PhysX] Initialized MultithreadedTaskDispatcher with 8 workers.
[PhysX] Initialized MultithreadedTaskDispatcher with 8 workers.
 -> (artifact id: '6c0a3413525df743418dda865fb976a3') in 0.045073 seconds
Number of updated asset objects reloaded before import = 0
Number of asset objects unloaded after import = 7
========================================================================
Received Import Request.
  Time since last request: 0.000030 seconds.
  path: Assets/Triangularity/ColorfulCity/Models/Hedge1_c_LP_LOD0.FBX
  artifactKey: Guid(4e26c6865d195754a898911d38b413b6) Importer(815301076,1909f56bfc062723c751e8b465ee728b)
Start importing Assets/Triangularity/ColorfulCity/Models/Hedge1_c_LP_LOD0.FBX using Guid(4e26c6865d195754a898911d38b413b6) Importer(815301076,1909f56bfc062723c751e8b465ee728b) [PhysX] Initialized MultithreadedTaskDispatcher with 8 workers.
[PhysX] Initialized MultithreadedTaskDispatcher with 8 workers.
[PhysX] Initialized MultithreadedTaskDispatcher with 8 workers.
 -> (artifact id: '8baad98c675d185f81479abdef3c6fed') in 0.047669 seconds
Number of updated asset objects reloaded before import = 0
Number of asset objects unloaded after import = 7
========================================================================
Received Import Request.
  Time since last request: 0.000037 seconds.
  path: Assets/Triangularity/ColorfulCity/Models/Hedge1_a_LP_LOD0.FBX
  artifactKey: Guid(54378b3951d3c91478a6944b5af872d8) Importer(815301076,1909f56bfc062723c751e8b465ee728b)
Start importing Assets/Triangularity/ColorfulCity/Models/Hedge1_a_LP_LOD0.FBX using Guid(54378b3951d3c91478a6944b5af872d8) Importer(815301076,1909f56bfc062723c751e8b465ee728b) [PhysX] Initialized MultithreadedTaskDispatcher with 8 workers.
[PhysX] Initialized MultithreadedTaskDispatcher with 8 workers.
[PhysX] Initialized MultithreadedTaskDispatcher with 8 workers.
 -> (artifact id: '09e6ff3c31209d4c8b58b95a25e66eba') in 0.057441 seconds
Number of updated asset objects reloaded before import = 0
Number of asset objects unloaded after import = 7
========================================================================
Received Import Request.
  Time since last request: 0.000036 seconds.
  path: Assets/Triangularity/ColorfulCity/Models/Building11_a_LP_LOD0.FBX
  artifactKey: Guid(b650caf2bd195194f8d1d485679d2f9e) Importer(815301076,1909f56bfc062723c751e8b465ee728b)
Start importing Assets/Triangularity/ColorfulCity/Models/Building11_a_LP_LOD0.FBX using Guid(b650caf2bd195194f8d1d485679d2f9e) Importer(815301076,1909f56bfc062723c751e8b465ee728b) [PhysX] Initialized MultithreadedTaskDispatcher with 8 workers.
[PhysX] Initialized MultithreadedTaskDispatcher with 8 workers.
[PhysX] Initialized MultithreadedTaskDispatcher with 8 workers.
 -> (artifact id: '9d34b96a8a100a6086e0d1fdc0269aff') in 0.071386 seconds
Number of updated asset objects reloaded before import = 0
Number of asset objects unloaded after import = 7
========================================================================
Received Import Request.
  Time since last request: 0.000029 seconds.
  path: Assets/Triangularity/ColorfulCity/Models/Road1_b_LP_LOD0.FBX
  artifactKey: Guid(31b9eb3bac3965041a6f82fce0034cda) Importer(815301076,1909f56bfc062723c751e8b465ee728b)
Start importing Assets/Triangularity/ColorfulCity/Models/Road1_b_LP_LOD0.FBX using Guid(31b9eb3bac3965041a6f82fce0034cda) Importer(815301076,1909f56bfc062723c751e8b465ee728b) [PhysX] Initialized MultithreadedTaskDispatcher with 8 workers.
[PhysX] Initialized MultithreadedTaskDispatcher with 8 workers.
[PhysX] Initialized MultithreadedTaskDispatcher with 8 workers.
 -> (artifact id: '72dcf9d5a85fea727979f87e9eda5021') in 0.063907 seconds
Number of updated asset objects reloaded before import = 0
Number of asset objects unloaded after import = 7
========================================================================
Received Import Request.
  Time since last request: 0.000218 seconds.
  path: Assets/Triangularity/ColorfulCity/Models/Building12_a_LP_LOD0.FBX
  artifactKey: Guid(8aad1db0251333b43b36de780007c73a) Importer(815301076,1909f56bfc062723c751e8b465ee728b)
Start importing Assets/Triangularity/ColorfulCity/Models/Building12_a_LP_LOD0.FBX using Guid(8aad1db0251333b43b36de780007c73a) Importer(815301076,1909f56bfc062723c751e8b465ee728b) [PhysX] Initialized MultithreadedTaskDispatcher with 8 workers.
[PhysX] Initialized MultithreadedTaskDispatcher with 8 workers.
[PhysX] Initialized MultithreadedTaskDispatcher with 8 workers.
 -> (artifact id: '7aaaaf9b4165a57c9bb46a0761d72a3e') in 0.067352 seconds
Number of updated asset objects reloaded before import = 0
Number of asset objects unloaded after import = 7
========================================================================
Received Import Request.
  Time since last request: 0.000044 seconds.
  path: Assets/Triangularity/ColorfulCity/Models/Building1_a_LP_LOD0.FBX
  artifactKey: Guid(04282c62c8486c14cb3c7448eb4fd8ae) Importer(815301076,1909f56bfc062723c751e8b465ee728b)
Start importing Assets/Triangularity/ColorfulCity/Models/Building1_a_LP_LOD0.FBX using Guid(04282c62c8486c14cb3c7448eb4fd8ae) Importer(815301076,1909f56bfc062723c751e8b465ee728b) [PhysX] Initialized MultithreadedTaskDispatcher with 8 workers.
[PhysX] Initialized MultithreadedTaskDispatcher with 8 workers.
[PhysX] Initialized MultithreadedTaskDispatcher with 8 workers.
 -> (artifact id: '91c62cacd3d12dc9f89ba124e211645a') in 0.075048 seconds
Number of updated asset objects reloaded before import = 0
Number of asset objects unloaded after import = 7
========================================================================
Received Import Request.
  Time since last request: 0.000112 seconds.
  path: Assets/Triangularity/ColorfulCity/Models/Building3_a_LP_LOD0.FBX
  artifactKey: Guid(8ec8df010e556644f9fe69b45d15fa31) Importer(815301076,1909f56bfc062723c751e8b465ee728b)
Start importing Assets/Triangularity/ColorfulCity/Models/Building3_a_LP_LOD0.FBX using Guid(8ec8df010e556644f9fe69b45d15fa31) Importer(815301076,1909f56bfc062723c751e8b465ee728b) [PhysX] Initialized MultithreadedTaskDispatcher with 8 workers.
[PhysX] Initialized MultithreadedTaskDispatcher with 8 workers.
[PhysX] Initialized MultithreadedTaskDispatcher with 8 workers.
 -> (artifact id: 'fb3967dbef2803980bce9936009bc7bf') in 0.064254 seconds
Number of updated asset objects reloaded before import = 0
Number of asset objects unloaded after import = 7
========================================================================
Received Import Request.
  Time since last request: 0.000073 seconds.
  path: Assets/Triangularity/ColorfulCity/Models/Road1_a_LP_LOD0.FBX
  artifactKey: Guid(e89496f74d122be42af733561214705f) Importer(815301076,1909f56bfc062723c751e8b465ee728b)
Start importing Assets/Triangularity/ColorfulCity/Models/Road1_a_LP_LOD0.FBX using Guid(e89496f74d122be42af733561214705f) Importer(815301076,1909f56bfc062723c751e8b465ee728b) [PhysX] Initialized MultithreadedTaskDispatcher with 8 workers.
[PhysX] Initialized MultithreadedTaskDispatcher with 8 workers.
[PhysX] Initialized MultithreadedTaskDispatcher with 8 workers.
 -> (artifact id: 'e44e1bba93c5c02e484909d5e5e40e89') in 0.053945 seconds
Number of updated asset objects reloaded before import = 0
Number of asset objects unloaded after import = 7
========================================================================
Received Import Request.
  Time since last request: 0.000096 seconds.
  path: Assets/Triangularity/ColorfulCity/Models
  artifactKey: Guid(ebee1fb521a193f4a9c2a7d9d1f74c89) Importer(815301076,1909f56bfc062723c751e8b465ee728b)
Start importing Assets/Triangularity/ColorfulCity/Models using Guid(ebee1fb521a193f4a9c2a7d9d1f74c89) Importer(815301076,1909f56bfc062723c751e8b465ee728b) [PhysX] Initialized MultithreadedTaskDispatcher with 8 workers.
 -> (artifact id: '79dcdbe805f2e7561a43a7b9dfff84b2') in 0.001887 seconds
Number of updated asset objects reloaded before import = 0
Number of asset objects unloaded after import = 0
========================================================================
Received Import Request.
  Time since last request: 0.000173 seconds.
  path: Assets/Triangularity/ColorfulCity/Models/Building6_a_LP_LOD0.FBX
  artifactKey: Guid(33ab114a7e985694786338b2a45e05d4) Importer(815301076,1909f56bfc062723c751e8b465ee728b)
Start importing Assets/Triangularity/ColorfulCity/Models/Building6_a_LP_LOD0.FBX using Guid(33ab114a7e985694786338b2a45e05d4) Importer(815301076,1909f56bfc062723c751e8b465ee728b) [PhysX] Initialized MultithreadedTaskDispatcher with 8 workers.
[PhysX] Initialized MultithreadedTaskDispatcher with 8 workers.
[PhysX] Initialized MultithreadedTaskDispatcher with 8 workers.
 -> (artifact id: 'a57ba23aeed6fb65bd01b44d81379172') in 0.047067 seconds
Number of updated asset objects reloaded before import = 0
Number of asset objects unloaded after import = 7
========================================================================
Received Import Request.
  Time since last request: 0.000033 seconds.
  path: Assets/Triangularity/ColorfulCity/Models/Road2_a_LP_LOD0.FBX
  artifactKey: Guid(e6813bf3c9c769c4eae8820276f8e046) Importer(815301076,1909f56bfc062723c751e8b465ee728b)
Start importing Assets/Triangularity/ColorfulCity/Models/Road2_a_LP_LOD0.FBX using Guid(e6813bf3c9c769c4eae8820276f8e046) Importer(815301076,1909f56bfc062723c751e8b465ee728b) [PhysX] Initialized MultithreadedTaskDispatcher with 8 workers.
[PhysX] Initialized MultithreadedTaskDispatcher with 8 workers.
[PhysX] Initialized MultithreadedTaskDispatcher with 8 workers.
 -> (artifact id: 'a7ae5ba86a1ad8f5ca2aa920f28c3b17') in 0.060045 seconds
Number of updated asset objects reloaded before import = 0
Number of asset objects unloaded after import = 7
========================================================================
Received Import Request.
  Time since last request: 0.000043 seconds.
  path: Assets/Triangularity/ColorfulCity/Models/Building7_a_LP_LOD0.FBX
  artifactKey: Guid(1116df919725f4b4ab47f8b4ba0f6562) Importer(815301076,1909f56bfc062723c751e8b465ee728b)
Start importing Assets/Triangularity/ColorfulCity/Models/Building7_a_LP_LOD0.FBX using Guid(1116df919725f4b4ab47f8b4ba0f6562) Importer(815301076,1909f56bfc062723c751e8b465ee728b) [PhysX] Initialized MultithreadedTaskDispatcher with 8 workers.
[PhysX] Initialized MultithreadedTaskDispatcher with 8 workers.
[PhysX] Initialized MultithreadedTaskDispatcher with 8 workers.
 -> (artifact id: '32ac3a629b4c5f6d751f326de436a8a6') in 0.047829 seconds
Number of updated asset objects reloaded before import = 0
Number of asset objects unloaded after import = 7
========================================================================
Received Import Request.
  Time since last request: 0.000030 seconds.
  path: Assets/Triangularity/ColorfulCity/Models/Pavement2_d_LP_LOD0.FBX
  artifactKey: Guid(926e292436f55b84b853dea6b310e865) Importer(815301076,1909f56bfc062723c751e8b465ee728b)
Start importing Assets/Triangularity/ColorfulCity/Models/Pavement2_d_LP_LOD0.FBX using Guid(926e292436f55b84b853dea6b310e865) Importer(815301076,1909f56bfc062723c751e8b465ee728b) [PhysX] Initialized MultithreadedTaskDispatcher with 8 workers.
[PhysX] Initialized MultithreadedTaskDispatcher with 8 workers.
[PhysX] Initialized MultithreadedTaskDispatcher with 8 workers.
 -> (artifact id: '74905d7174c141ba2c201c7589b77c5e') in 0.057450 seconds
Number of updated asset objects reloaded before import = 0
Number of asset objects unloaded after import = 7
========================================================================
Received Import Request.
  Time since last request: 0.000079 seconds.
  path: Assets/Triangularity/ColorfulCity/Models/Hedge1_b_LP_LOD0.FBX
  artifactKey: Guid(60a554a8411528449a331c20d2bd3d1e) Importer(815301076,1909f56bfc062723c751e8b465ee728b)
Start importing Assets/Triangularity/ColorfulCity/Models/Hedge1_b_LP_LOD0.FBX using Guid(60a554a8411528449a331c20d2bd3d1e) Importer(815301076,1909f56bfc062723c751e8b465ee728b) [PhysX] Initialized MultithreadedTaskDispatcher with 8 workers.
[PhysX] Initialized MultithreadedTaskDispatcher with 8 workers.
[PhysX] Initialized MultithreadedTaskDispatcher with 8 workers.
 -> (artifact id: 'ffebd43d5ddf33cc77cc4a75372d3534') in 0.056358 seconds
Number of updated asset objects reloaded before import = 0
Number of asset objects unloaded after import = 7
========================================================================
Received Import Request.
  Time since last request: 0.000043 seconds.
  path: Assets/Triangularity/ColorfulCity/Models/Building4_a_LP_LOD0.FBX
  artifactKey: Guid(8cc66da096887cf408db5dc8b60773e0) Importer(815301076,1909f56bfc062723c751e8b465ee728b)
Start importing Assets/Triangularity/ColorfulCity/Models/Building4_a_LP_LOD0.FBX using Guid(8cc66da096887cf408db5dc8b60773e0) Importer(815301076,1909f56bfc062723c751e8b465ee728b) [PhysX] Initialized MultithreadedTaskDispatcher with 8 workers.
[PhysX] Initialized MultithreadedTaskDispatcher with 8 workers.
[PhysX] Initialized MultithreadedTaskDispatcher with 8 workers.
 -> (artifact id: '3cfa60e430f121f6e4e7a90be82275e8') in 0.051072 seconds
Number of updated asset objects reloaded before import = 0
Number of asset objects unloaded after import = 7
========================================================================
Received Import Request.
  Time since last request: 0.000039 seconds.
  path: Assets/Triangularity/ColorfulCity/Models/Building8_a_LP_LOD0.FBX
  artifactKey: Guid(8ad6407b6d7fab44ba0c3798697bfedd) Importer(815301076,1909f56bfc062723c751e8b465ee728b)
Start importing Assets/Triangularity/ColorfulCity/Models/Building8_a_LP_LOD0.FBX using Guid(8ad6407b6d7fab44ba0c3798697bfedd) Importer(815301076,1909f56bfc062723c751e8b465ee728b) [PhysX] Initialized MultithreadedTaskDispatcher with 8 workers.
[PhysX] Initialized MultithreadedTaskDispatcher with 8 workers.
[PhysX] Initialized MultithreadedTaskDispatcher with 8 workers.
 -> (artifact id: 'd1a4321dcf6cf109e9c29d2b059752e9') in 0.070709 seconds
Number of updated asset objects reloaded before import = 0
Number of asset objects unloaded after import = 7
========================================================================
Received Prepare
Begin MonoManager ReloadAssembly
- Loaded All Assemblies, in  0.699 seconds
Refreshing native plugins compatible for Editor in 5.11 ms, found 3 plugins.
Native extension for WindowsStandalone target not found
[Package Manager] Server::EnsureServerProcessIsRunning -- launch failed, reason: Unity was launched with the -noUpm command-line argument
[Package Manager] UpmClient::Send -- Unable to send message (not connected to UPM process).
[Package Manager] Cannot connect to Unity Package Manager local server
Mono: successfully reloaded assembly
- Finished resetting the current domain, in  5.355 seconds
Domain Reload Profiling: 6052ms
	BeginReloadAssembly (213ms)
		ExecutionOrderSort (0ms)
		DisableScriptedObjects (9ms)
		BackupInstance (0ms)
		ReleaseScriptingObjects (0ms)
		CreateAndSetChildDomain (42ms)
	RebuildCommonClasses (47ms)
	RebuildNativeTypeToScriptingClass (16ms)
	initialDomainReloadingComplete (36ms)
	LoadAllAssembliesAndSetupDomain (385ms)
		LoadAssemblies (479ms)
		RebuildTransferFunctionScriptingTraits (0ms)
		AnalyzeDomain (28ms)
			TypeCache.Refresh (12ms)
				TypeCache.ScanAssembly (0ms)
			ScanForSourceGeneratedMonoScriptInfo (0ms)
			ResolveRequiredComponents (13ms)
	FinalizeReload (5355ms)
		ReleaseScriptCaches (0ms)
		RebuildScriptCaches (0ms)
		SetupLoadedEditorAssemblies (859ms)
			LogAssemblyErrors (0ms)
			InitializePlatformSupportModulesInManaged (14ms)
			SetLoadedEditorAssemblies (6ms)
			RefreshPlugins (0ms)
			BeforeProcessingInitializeOnLoad (71ms)
			ProcessInitializeOnLoadAttributes (736ms)
			ProcessInitializeOnLoadMethodAttributes (26ms)
			AfterProcessingInitializeOnLoad (6ms)
			EditorAssembliesLoaded (0ms)
		ExecutionOrderSort2 (0ms)
		AwakeInstancesAfterBackupRestoration (8ms)
Refreshing native plugins compatible for Editor in 4.38 ms, found 3 plugins.
Preloading 0 native plugins for Editor in 0.00 ms.
Unloading 3133 Unused Serialized files (Serialized files now loaded: 0)
Unloading 25 unused Assets / (31.5 KB). Loaded Objects now: 3635.
Memory consumption went from 125.3 MB to 125.3 MB.
Total: 3.840700 ms (FindLiveObjects: 0.305800 ms CreateObjectMapping: 0.275200 ms MarkObjects: 3.178100 ms  DeleteObjects: 0.080100 ms)

Prepare: number of updated asset objects reloaded= 0
AssetImportParameters requested are different than current active one (requested -> active):
  custom:container-demuxer-ogg: 62fdf1f143b41e24485cea50d1cbac27 -> 
  custom:video-decoder-ogg-theora: a1e56fd34408186e4bbccfd4996cb3dc -> 
  custom:framework-win-MediaFoundation: 216162199b28c13a410421893ffa2e32 -> 
  custom:CustomObjectIndexerAttribute: 9a22284fe3817be447336de3de66b15e -> 
  custom:container-demuxer-webm: 4f35f7cbe854078d1ac9338744f61a02 -> 
  custom:container-muxer-webm: aa71ff27fc2769a1b78a27578f13a17b -> 
  custom:video-decoder-webm-vp8: 9c59270c3fd7afecdb556c50c9e8de78 -> 
  custom:SearchIndexIgnoredProperties: e643bd26f0fe6173181afceb89e7c659 -> 
  custom:AudioImporter_EditorPlatform: d09bf68614088b80899f8185d706f6e7 -> 
  custom:video-encoder-webm-vp8: eb34c28f22e8b96e1ab97ce403110664 -> 
  custom:audio-decoder-ogg-vorbis: bf7c407c2cedff20999df2af8eb42d56 -> 
  custom:audio-encoder-webm-vorbis: bf7c407c2cedff20999df2af8eb42d56 -> 
========================================================================
Received Prepare
Begin MonoManager ReloadAssembly
- Loaded All Assemblies, in  0.977 seconds
Refreshing native plugins compatible for Editor in 6.24 ms, found 3 plugins.
Native extension for WindowsStandalone target not found
[Package Manager] Server::EnsureServerProcessIsRunning -- launch failed, reason: Unity was launched with the -noUpm command-line argument
[Package Manager] UpmClient::Send -- Unable to send message (not connected to UPM process).
[Package Manager] Cannot connect to Unity Package Manager local server
Mono: successfully reloaded assembly
- Finished resetting the current domain, in  2.572 seconds
Domain Reload Profiling: 3545ms
	BeginReloadAssembly (320ms)
		ExecutionOrderSort (0ms)
		DisableScriptedObjects (10ms)
		BackupInstance (0ms)
		ReleaseScriptingObjects (0ms)
		CreateAndSetChildDomain (50ms)
	RebuildCommonClasses (78ms)
	RebuildNativeTypeToScriptingClass (21ms)
	initialDomainReloadingComplete (69ms)
	LoadAllAssembliesAndSetupDomain (485ms)
		LoadAssemblies (676ms)
		RebuildTransferFunctionScriptingTraits (0ms)
		AnalyzeDomain (26ms)
			TypeCache.Refresh (13ms)
				TypeCache.ScanAssembly (0ms)
			ScanForSourceGeneratedMonoScriptInfo (0ms)
			ResolveRequiredComponents (11ms)
	FinalizeReload (2573ms)
		ReleaseScriptCaches (0ms)
		RebuildScriptCaches (0ms)
		SetupLoadedEditorAssemblies (918ms)
			LogAssemblyErrors (0ms)
			InitializePlatformSupportModulesInManaged (11ms)
			SetLoadedEditorAssemblies (9ms)
			RefreshPlugins (0ms)
			BeforeProcessingInitializeOnLoad (117ms)
			ProcessInitializeOnLoadAttributes (730ms)
			ProcessInitializeOnLoadMethodAttributes (42ms)
			AfterProcessingInitializeOnLoad (9ms)
			EditorAssembliesLoaded (0ms)
		ExecutionOrderSort2 (0ms)
		AwakeInstancesAfterBackupRestoration (12ms)
Refreshing native plugins compatible for Editor in 14.13 ms, found 3 plugins.
Preloading 0 native plugins for Editor in 0.00 ms.
Unloading 3133 Unused Serialized files (Serialized files now loaded: 0)
Unloading 25 unused Assets / (30.7 KB). Loaded Objects now: 3638.
Memory consumption went from 125.3 MB to 125.3 MB.
Total: 6.720000 ms (FindLiveObjects: 0.443900 ms CreateObjectMapping: 0.485400 ms MarkObjects: 5.693300 ms  DeleteObjects: 0.095400 ms)

Prepare: number of updated asset objects reloaded= 0
AssetImportParameters requested are different than current active one (requested -> active):
  custom:container-demuxer-ogg: 62fdf1f143b41e24485cea50d1cbac27 -> 
  custom:video-decoder-ogg-theora: a1e56fd34408186e4bbccfd4996cb3dc -> 
  custom:framework-win-MediaFoundation: 216162199b28c13a410421893ffa2e32 -> 
  custom:CustomObjectIndexerAttribute: 9a22284fe3817be447336de3de66b15e -> 
  custom:container-demuxer-webm: 4f35f7cbe854078d1ac9338744f61a02 -> 
  custom:container-muxer-webm: aa71ff27fc2769a1b78a27578f13a17b -> 
  custom:video-decoder-webm-vp8: 9c59270c3fd7afecdb556c50c9e8de78 -> 
  custom:SearchIndexIgnoredProperties: e643bd26f0fe6173181afceb89e7c659 -> 
  custom:AudioImporter_EditorPlatform: d09bf68614088b80899f8185d706f6e7 -> 
  custom:video-encoder-webm-vp8: eb34c28f22e8b96e1ab97ce403110664 -> 
  custom:audio-decoder-ogg-vorbis: bf7c407c2cedff20999df2af8eb42d56 -> 
  custom:audio-encoder-webm-vorbis: bf7c407c2cedff20999df2af8eb42d56 -> 
